This is pdfTeX, Version 3.14159265-2.6-1.40.16 (TeX Live 2015/Debian) (preloaded format=pdflatex 2017.6.19)  28 AUG 2017 18:58
entering extended mode
 restricted \write18 enabled.
 %&-line parsing enabled.
**clustering_paper.tex
(./clustering_paper.tex
LaTeX2e <2016/02/01>
Babel <3.9q> and hyphenation patterns for 3 language(s) loaded.
(/usr/share/texlive/texmf-dist/tex/latex/base/article.cls
Document Class: article 2014/09/29 v1.4h Standard LaTeX document class
(/usr/share/texlive/texmf-dist/tex/latex/base/size11.clo
File: size11.clo 2014/09/29 v1.4h Standard LaTeX file (size option)
)
\c@part=\count79
\c@section=\count80
\c@subsection=\count81
\c@subsubsection=\count82
\c@paragraph=\count83
\c@subparagraph=\count84
\c@figure=\count85
\c@table=\count86
\abovecaptionskip=\skip41
\belowcaptionskip=\skip42
\bibindent=\dimen102
)
(/usr/share/texlive/texmf-dist/tex/latex/pdfpages/pdfpages.sty
Package: pdfpages 2015/09/18 v0.5d Insert pages of external PDF documents (AM)

(/usr/share/texlive/texmf-dist/tex/latex/base/ifthen.sty
Package: ifthen 2014/09/29 v1.1c Standard LaTeX ifthen package (DPC)
)
(/usr/share/texlive/texmf-dist/tex/latex/tools/calc.sty
Package: calc 2014/10/28 v4.3 Infix arithmetic (KKT,FJ)
\calc@Acount=\count87
\calc@Bcount=\count88
\calc@Adimen=\dimen103
\calc@Bdimen=\dimen104
\calc@Askip=\skip43
\calc@Bskip=\skip44
LaTeX Info: Redefining \setlength on input line 80.
LaTeX Info: Redefining \addtolength on input line 81.
\calc@Ccount=\count89
\calc@Cskip=\skip45
)
(/usr/share/texlive/texmf-dist/tex/latex/eso-pic/eso-pic.sty
Package: eso-pic 2015/07/21 v2.0g eso-pic (RN)

(/usr/share/texlive/texmf-dist/tex/generic/oberdiek/atbegshi.sty
Package: atbegshi 2011/10/05 v1.16 At begin shipout hook (HO)

(/usr/share/texlive/texmf-dist/tex/generic/oberdiek/infwarerr.sty
Package: infwarerr 2010/04/08 v1.3 Providing info/warning/error messages (HO)
)
(/usr/share/texlive/texmf-dist/tex/generic/oberdiek/ltxcmds.sty
Package: ltxcmds 2011/11/09 v1.22 LaTeX kernel commands for general use (HO)
)
(/usr/share/texlive/texmf-dist/tex/generic/oberdiek/ifpdf.sty
Package: ifpdf 2011/01/30 v2.3 Provides the ifpdf switch (HO)
Package ifpdf Info: pdfTeX in PDF mode is detected.
))
(/usr/share/texlive/texmf-dist/tex/latex/graphics/keyval.sty
Package: keyval 2014/10/28 v1.15 key=value parser (DPC)
\KV@toks@=\toks14
)
(/usr/share/texlive/texmf-dist/tex/latex/xcolor/xcolor.sty
Package: xcolor 2007/01/21 v2.11 LaTeX color extensions (UK)

(/usr/share/texlive/texmf-dist/tex/latex/latexconfig/color.cfg
File: color.cfg 2007/01/18 v1.5 color configuration of teTeX/TeXLive
)
Package xcolor Info: Driver file: pdftex.def on input line 225.

(/usr/share/texlive/texmf-dist/tex/latex/pdftex-def/pdftex.def
File: pdftex.def 2011/05/27 v0.06d Graphics/color for pdfTeX
\Gread@gobject=\count90
)
Package xcolor Info: Model `cmy' substituted by `cmy0' on input line 1337.
Package xcolor Info: Model `hsb' substituted by `rgb' on input line 1341.
Package xcolor Info: Model `RGB' extended on input line 1353.
Package xcolor Info: Model `HTML' substituted by `rgb' on input line 1355.
Package xcolor Info: Model `Hsb' substituted by `hsb' on input line 1356.
Package xcolor Info: Model `tHsb' substituted by `hsb' on input line 1357.
Package xcolor Info: Model `HSB' substituted by `hsb' on input line 1358.
Package xcolor Info: Model `Gray' substituted by `gray' on input line 1359.
Package xcolor Info: Model `wave' substituted by `hsb' on input line 1360.
))
(/usr/share/texlive/texmf-dist/tex/latex/graphics/graphicx.sty
Package: graphicx 2014/10/28 v1.0g Enhanced LaTeX Graphics (DPC,SPQR)

(/usr/share/texlive/texmf-dist/tex/latex/graphics/graphics.sty
Package: graphics 2016/01/03 v1.0q Standard LaTeX Graphics (DPC,SPQR)

(/usr/share/texlive/texmf-dist/tex/latex/graphics/trig.sty
Package: trig 2016/01/03 v1.10 sin cos tan (DPC)
)
(/usr/share/texlive/texmf-dist/tex/latex/latexconfig/graphics.cfg
File: graphics.cfg 2010/04/23 v1.9 graphics configuration of TeX Live
)
Package graphics Info: Driver file: pdftex.def on input line 95.
)
\Gin@req@height=\dimen105
\Gin@req@width=\dimen106
)
\AM@pagewidth=\dimen107
\AM@pageheight=\dimen108

(/usr/share/texlive/texmf-dist/tex/latex/pdfpages/pppdftex.def
File: pppdftex.def 2015/09/18 v0.5d Pdfpages driver for pdfTeX (AM)
)
\AM@pagebox=\box26
\AM@toc@title=\toks15
\c@AM@survey=\count91
\AM@templatesizebox=\box27
)
(/usr/share/texlive/texmf-dist/tex/latex/mathtools/mathtools.sty
Package: mathtools 2015/11/12 v1.18 mathematical typesetting tools

(/usr/share/texlive/texmf-dist/tex/latex/mathtools/mhsetup.sty
Package: mhsetup 2010/01/21 v1.2a programming setup (MH)
)
(/usr/share/texlive/texmf-dist/tex/latex/amsmath/amsmath.sty
Package: amsmath 2016/03/03 v2.15a AMS math features
\@mathmargin=\skip46

For additional information on amsmath, use the `?' option.
(/usr/share/texlive/texmf-dist/tex/latex/amsmath/amstext.sty
Package: amstext 2000/06/29 v2.01 AMS text

(/usr/share/texlive/texmf-dist/tex/latex/amsmath/amsgen.sty
File: amsgen.sty 1999/11/30 v2.0 generic functions
\@emptytoks=\toks16
\ex@=\dimen109
))
(/usr/share/texlive/texmf-dist/tex/latex/amsmath/amsbsy.sty
Package: amsbsy 1999/11/29 v1.2d Bold Symbols
\pmbraise@=\dimen110
)
(/usr/share/texlive/texmf-dist/tex/latex/amsmath/amsopn.sty
Package: amsopn 1999/12/14 v2.01 operator names
)
\inf@bad=\count92
LaTeX Info: Redefining \frac on input line 199.
\uproot@=\count93
\leftroot@=\count94
LaTeX Info: Redefining \overline on input line 297.
\classnum@=\count95
\DOTSCASE@=\count96
LaTeX Info: Redefining \ldots on input line 394.
LaTeX Info: Redefining \dots on input line 397.
LaTeX Info: Redefining \cdots on input line 518.
\Mathstrutbox@=\box28
\strutbox@=\box29
\big@size=\dimen111
LaTeX Font Info:    Redeclaring font encoding OML on input line 630.
LaTeX Font Info:    Redeclaring font encoding OMS on input line 631.
\macc@depth=\count97
\c@MaxMatrixCols=\count98
\dotsspace@=\muskip10
\c@parentequation=\count99
\dspbrk@lvl=\count100
\tag@help=\toks17
\row@=\count101
\column@=\count102
\maxfields@=\count103
\andhelp@=\toks18
\eqnshift@=\dimen112
\alignsep@=\dimen113
\tagshift@=\dimen114
\tagwidth@=\dimen115
\totwidth@=\dimen116
\lineht@=\dimen117
\@envbody=\toks19
\multlinegap=\skip47
\multlinetaggap=\skip48
\mathdisplay@stack=\toks20
LaTeX Info: Redefining \[ on input line 2735.
LaTeX Info: Redefining \] on input line 2736.
)
LaTeX Info: Thecontrolsequence`\('isalreadyrobust on input line 129.
LaTeX Info: Thecontrolsequence`\)'isalreadyrobust on input line 129.
LaTeX Info: Thecontrolsequence`\['isalreadyrobust on input line 129.
LaTeX Info: Thecontrolsequence`\]'isalreadyrobust on input line 129.
\g_MT_multlinerow_int=\count104
\l_MT_multwidth_dim=\dimen118
\origjot=\skip49
\l_MT_shortvdotswithinadjustabove_dim=\dimen119
\l_MT_shortvdotswithinadjustbelow_dim=\dimen120
\l_MT_above_intertext_sep=\dimen121
\l_MT_below_intertext_sep=\dimen122
\l_MT_above_shortintertext_sep=\dimen123
\l_MT_below_shortintertext_sep=\dimen124
)
(/usr/share/texlive/texmf-dist/tex/latex/setspace/setspace.sty
Package: setspace 2011/12/19 v6.7a set line spacing
)
(/usr/share/texlive/texmf-dist/tex/latex/doublestroke/dsfont.sty
Package: dsfont 1995/08/01 v0.1 Double stroke roman fonts
)
(/usr/share/texlive/texmf-dist/tex/latex/amsfonts/amsfonts.sty
Package: amsfonts 2013/01/14 v3.01 Basic AMSFonts support
\symAMSa=\mathgroup4
\symAMSb=\mathgroup5
LaTeX Font Info:    Overwriting math alphabet `\mathfrak' in version `bold'
(Font)                  U/euf/m/n --> U/euf/b/n on input line 106.
)
(/usr/share/texlive/texmf-dist/tex/latex/caption/subcaption.sty
Package: subcaption 2016/02/20 v1.1-142 Sub-captions (AR)

(/usr/share/texlive/texmf-dist/tex/latex/caption/caption.sty
Package: caption 2016/02/21 v3.3-144 Customizing captions (AR)

(/usr/share/texlive/texmf-dist/tex/latex/caption/caption3.sty
Package: caption3 2016/02/04 v1.7-139 caption3 kernel (AR)
Package caption3 Info: TeX engine: e-TeX on input line 67.
\captionmargin=\dimen125
\captionmargin@=\dimen126
\captionwidth=\dimen127
\caption@tempdima=\dimen128
\caption@indent=\dimen129
\caption@parindent=\dimen130
\caption@hangindent=\dimen131
)
\c@ContinuedFloat=\count105
)
\c@subfigure=\count106
\c@subtable=\count107
)
(/usr/share/texlive/texmf-dist/tex/latex/paralist/paralist.sty
Package: paralist 2015/12/30 v2.5 Extended list environments
\pltopsep=\skip50
\plpartopsep=\skip51
\plitemsep=\skip52
\plparsep=\skip53
\pl@lab=\toks21
)
(/usr/share/texlive/texmf-dist/tex/latex/psnfss/times.sty
Package: times 2005/04/12 PSNFSS-v9.2a (SPQR) 
)
(/usr/share/texlive/texmf-dist/tex/latex/base/latexsym.sty
Package: latexsym 1998/08/17 v2.2e Standard LaTeX package (lasy symbols)
\symlasy=\mathgroup6
LaTeX Font Info:    Overwriting symbol font `lasy' in version `bold'
(Font)                  U/lasy/m/n --> U/lasy/b/n on input line 52.
)
(/usr/share/texlive/texmf-dist/tex/latex/base/fontenc.sty
Package: fontenc 2005/09/27 v1.99g Standard LaTeX package

(/usr/share/texlive/texmf-dist/tex/latex/base/t1enc.def
File: t1enc.def 2005/09/27 v1.99g Standard LaTeX file
LaTeX Font Info:    Redeclaring font encoding T1 on input line 48.
))
(/usr/share/texlive/texmf-dist/tex/latex/pgf/frontendlayer/tikz.sty
(/usr/share/texlive/texmf-dist/tex/latex/pgf/basiclayer/pgf.sty
(/usr/share/texlive/texmf-dist/tex/latex/pgf/utilities/pgfrcs.sty
(/usr/share/texlive/texmf-dist/tex/generic/pgf/utilities/pgfutil-common.tex
\pgfutil@everybye=\toks22
\pgfutil@tempdima=\dimen132
\pgfutil@tempdimb=\dimen133

(/usr/share/texlive/texmf-dist/tex/generic/pgf/utilities/pgfutil-common-lists.t
ex)) (/usr/share/texlive/texmf-dist/tex/generic/pgf/utilities/pgfutil-latex.def
\pgfutil@abb=\box30
(/usr/share/texlive/texmf-dist/tex/latex/ms/everyshi.sty
Package: everyshi 2001/05/15 v3.00 EveryShipout Package (MS)
))
(/usr/share/texlive/texmf-dist/tex/generic/pgf/utilities/pgfrcs.code.tex
Package: pgfrcs 2015/08/07 v3.0.1a (rcs-revision 1.31)
))
Package: pgf 2015/08/07 v3.0.1a (rcs-revision 1.15)

(/usr/share/texlive/texmf-dist/tex/latex/pgf/basiclayer/pgfcore.sty
(/usr/share/texlive/texmf-dist/tex/latex/pgf/systemlayer/pgfsys.sty
(/usr/share/texlive/texmf-dist/tex/generic/pgf/systemlayer/pgfsys.code.tex
Package: pgfsys 2014/07/09 v3.0.1a (rcs-revision 1.48)

(/usr/share/texlive/texmf-dist/tex/generic/pgf/utilities/pgfkeys.code.tex
\pgfkeys@pathtoks=\toks23
\pgfkeys@temptoks=\toks24

(/usr/share/texlive/texmf-dist/tex/generic/pgf/utilities/pgfkeysfiltered.code.t
ex
\pgfkeys@tmptoks=\toks25
))
\pgf@x=\dimen134
\pgf@y=\dimen135
\pgf@xa=\dimen136
\pgf@ya=\dimen137
\pgf@xb=\dimen138
\pgf@yb=\dimen139
\pgf@xc=\dimen140
\pgf@yc=\dimen141
\w@pgf@writea=\write3
\r@pgf@reada=\read1
\c@pgf@counta=\count108
\c@pgf@countb=\count109
\c@pgf@countc=\count110
\c@pgf@countd=\count111
\t@pgf@toka=\toks26
\t@pgf@tokb=\toks27
\t@pgf@tokc=\toks28
 (/usr/share/texlive/texmf-dist/tex/generic/pgf/systemlayer/pgf.cfg
File: pgf.cfg 2008/05/14  (rcs-revision 1.7)
)
Driver file for pgf: pgfsys-pdftex.def

(/usr/share/texlive/texmf-dist/tex/generic/pgf/systemlayer/pgfsys-pdftex.def
File: pgfsys-pdftex.def 2014/10/11  (rcs-revision 1.35)

(/usr/share/texlive/texmf-dist/tex/generic/pgf/systemlayer/pgfsys-common-pdf.de
f
File: pgfsys-common-pdf.def 2013/10/10  (rcs-revision 1.13)
)))
(/usr/share/texlive/texmf-dist/tex/generic/pgf/systemlayer/pgfsyssoftpath.code.
tex
File: pgfsyssoftpath.code.tex 2013/09/09  (rcs-revision 1.9)
\pgfsyssoftpath@smallbuffer@items=\count112
\pgfsyssoftpath@bigbuffer@items=\count113
)
(/usr/share/texlive/texmf-dist/tex/generic/pgf/systemlayer/pgfsysprotocol.code.
tex
File: pgfsysprotocol.code.tex 2006/10/16  (rcs-revision 1.4)
))
(/usr/share/texlive/texmf-dist/tex/generic/pgf/basiclayer/pgfcore.code.tex
Package: pgfcore 2010/04/11 v3.0.1a (rcs-revision 1.7)

(/usr/share/texlive/texmf-dist/tex/generic/pgf/math/pgfmath.code.tex
(/usr/share/texlive/texmf-dist/tex/generic/pgf/math/pgfmathcalc.code.tex
(/usr/share/texlive/texmf-dist/tex/generic/pgf/math/pgfmathutil.code.tex)
(/usr/share/texlive/texmf-dist/tex/generic/pgf/math/pgfmathparser.code.tex
\pgfmath@dimen=\dimen142
\pgfmath@count=\count114
\pgfmath@box=\box31
\pgfmath@toks=\toks29
\pgfmath@stack@operand=\toks30
\pgfmath@stack@operation=\toks31
)
(/usr/share/texlive/texmf-dist/tex/generic/pgf/math/pgfmathfunctions.code.tex
(/usr/share/texlive/texmf-dist/tex/generic/pgf/math/pgfmathfunctions.basic.code
.tex)
(/usr/share/texlive/texmf-dist/tex/generic/pgf/math/pgfmathfunctions.trigonomet
ric.code.tex)
(/usr/share/texlive/texmf-dist/tex/generic/pgf/math/pgfmathfunctions.random.cod
e.tex)
(/usr/share/texlive/texmf-dist/tex/generic/pgf/math/pgfmathfunctions.comparison
.code.tex)
(/usr/share/texlive/texmf-dist/tex/generic/pgf/math/pgfmathfunctions.base.code.
tex)
(/usr/share/texlive/texmf-dist/tex/generic/pgf/math/pgfmathfunctions.round.code
.tex)
(/usr/share/texlive/texmf-dist/tex/generic/pgf/math/pgfmathfunctions.misc.code.
tex)
(/usr/share/texlive/texmf-dist/tex/generic/pgf/math/pgfmathfunctions.integerari
thmetics.code.tex)))
(/usr/share/texlive/texmf-dist/tex/generic/pgf/math/pgfmathfloat.code.tex
\c@pgfmathroundto@lastzeros=\count115
))
(/usr/share/texlive/texmf-dist/tex/generic/pgf/basiclayer/pgfcorepoints.code.te
x
File: pgfcorepoints.code.tex 2013/10/07  (rcs-revision 1.27)
\pgf@picminx=\dimen143
\pgf@picmaxx=\dimen144
\pgf@picminy=\dimen145
\pgf@picmaxy=\dimen146
\pgf@pathminx=\dimen147
\pgf@pathmaxx=\dimen148
\pgf@pathminy=\dimen149
\pgf@pathmaxy=\dimen150
\pgf@xx=\dimen151
\pgf@xy=\dimen152
\pgf@yx=\dimen153
\pgf@yy=\dimen154
\pgf@zx=\dimen155
\pgf@zy=\dimen156
)
(/usr/share/texlive/texmf-dist/tex/generic/pgf/basiclayer/pgfcorepathconstruct.
code.tex
File: pgfcorepathconstruct.code.tex 2013/10/07  (rcs-revision 1.29)
\pgf@path@lastx=\dimen157
\pgf@path@lasty=\dimen158
)
(/usr/share/texlive/texmf-dist/tex/generic/pgf/basiclayer/pgfcorepathusage.code
.tex
File: pgfcorepathusage.code.tex 2014/11/02  (rcs-revision 1.24)
\pgf@shorten@end@additional=\dimen159
\pgf@shorten@start@additional=\dimen160
)
(/usr/share/texlive/texmf-dist/tex/generic/pgf/basiclayer/pgfcorescopes.code.te
x
File: pgfcorescopes.code.tex 2015/05/08  (rcs-revision 1.46)
\pgfpic=\box32
\pgf@hbox=\box33
\pgf@layerbox@main=\box34
\pgf@picture@serial@count=\count116
)
(/usr/share/texlive/texmf-dist/tex/generic/pgf/basiclayer/pgfcoregraphicstate.c
ode.tex
File: pgfcoregraphicstate.code.tex 2014/11/02  (rcs-revision 1.12)
\pgflinewidth=\dimen161
)
(/usr/share/texlive/texmf-dist/tex/generic/pgf/basiclayer/pgfcoretransformation
s.code.tex
File: pgfcoretransformations.code.tex 2015/08/07  (rcs-revision 1.20)
\pgf@pt@x=\dimen162
\pgf@pt@y=\dimen163
\pgf@pt@temp=\dimen164
)
(/usr/share/texlive/texmf-dist/tex/generic/pgf/basiclayer/pgfcorequick.code.tex
File: pgfcorequick.code.tex 2008/10/09  (rcs-revision 1.3)
)
(/usr/share/texlive/texmf-dist/tex/generic/pgf/basiclayer/pgfcoreobjects.code.t
ex
File: pgfcoreobjects.code.tex 2006/10/11  (rcs-revision 1.2)
)
(/usr/share/texlive/texmf-dist/tex/generic/pgf/basiclayer/pgfcorepathprocessing
.code.tex
File: pgfcorepathprocessing.code.tex 2013/09/09  (rcs-revision 1.9)
)
(/usr/share/texlive/texmf-dist/tex/generic/pgf/basiclayer/pgfcorearrows.code.te
x
File: pgfcorearrows.code.tex 2015/05/14  (rcs-revision 1.43)
\pgfarrowsep=\dimen165
)
(/usr/share/texlive/texmf-dist/tex/generic/pgf/basiclayer/pgfcoreshade.code.tex
File: pgfcoreshade.code.tex 2013/07/15  (rcs-revision 1.15)
\pgf@max=\dimen166
\pgf@sys@shading@range@num=\count117
)
(/usr/share/texlive/texmf-dist/tex/generic/pgf/basiclayer/pgfcoreimage.code.tex
File: pgfcoreimage.code.tex 2013/07/15  (rcs-revision 1.18)

(/usr/share/texlive/texmf-dist/tex/generic/pgf/basiclayer/pgfcoreexternal.code.
tex
File: pgfcoreexternal.code.tex 2014/07/09  (rcs-revision 1.21)
\pgfexternal@startupbox=\box35
))
(/usr/share/texlive/texmf-dist/tex/generic/pgf/basiclayer/pgfcorelayers.code.te
x
File: pgfcorelayers.code.tex 2013/07/18  (rcs-revision 1.7)
)
(/usr/share/texlive/texmf-dist/tex/generic/pgf/basiclayer/pgfcoretransparency.c
ode.tex
File: pgfcoretransparency.code.tex 2013/09/30  (rcs-revision 1.5)
)
(/usr/share/texlive/texmf-dist/tex/generic/pgf/basiclayer/pgfcorepatterns.code.
tex
File: pgfcorepatterns.code.tex 2013/11/07  (rcs-revision 1.5)
)))
(/usr/share/texlive/texmf-dist/tex/generic/pgf/modules/pgfmoduleshapes.code.tex
File: pgfmoduleshapes.code.tex 2014/03/21  (rcs-revision 1.35)
\pgfnodeparttextbox=\box36
) (/usr/share/texlive/texmf-dist/tex/generic/pgf/modules/pgfmoduleplot.code.tex
File: pgfmoduleplot.code.tex 2015/08/03  (rcs-revision 1.13)
)
(/usr/share/texlive/texmf-dist/tex/latex/pgf/compatibility/pgfcomp-version-0-65
.sty
Package: pgfcomp-version-0-65 2007/07/03 v3.0.1a (rcs-revision 1.7)
\pgf@nodesepstart=\dimen167
\pgf@nodesepend=\dimen168
)
(/usr/share/texlive/texmf-dist/tex/latex/pgf/compatibility/pgfcomp-version-1-18
.sty
Package: pgfcomp-version-1-18 2007/07/23 v3.0.1a (rcs-revision 1.1)
)) (/usr/share/texlive/texmf-dist/tex/latex/pgf/utilities/pgffor.sty
(/usr/share/texlive/texmf-dist/tex/latex/pgf/utilities/pgfkeys.sty
(/usr/share/texlive/texmf-dist/tex/generic/pgf/utilities/pgfkeys.code.tex))
(/usr/share/texlive/texmf-dist/tex/latex/pgf/math/pgfmath.sty
(/usr/share/texlive/texmf-dist/tex/generic/pgf/math/pgfmath.code.tex))
(/usr/share/texlive/texmf-dist/tex/generic/pgf/utilities/pgffor.code.tex
Package: pgffor 2013/12/13 v3.0.1a (rcs-revision 1.25)

(/usr/share/texlive/texmf-dist/tex/generic/pgf/math/pgfmath.code.tex)
\pgffor@iter=\dimen169
\pgffor@skip=\dimen170
\pgffor@stack=\toks32
\pgffor@toks=\toks33
))
(/usr/share/texlive/texmf-dist/tex/generic/pgf/frontendlayer/tikz/tikz.code.tex
Package: tikz 2015/08/07 v3.0.1a (rcs-revision 1.151)

(/usr/share/texlive/texmf-dist/tex/generic/pgf/libraries/pgflibraryplothandlers
.code.tex
File: pgflibraryplothandlers.code.tex 2013/08/31 v3.0.1a (rcs-revision 1.20)
\pgf@plot@mark@count=\count118
\pgfplotmarksize=\dimen171
)
\tikz@lastx=\dimen172
\tikz@lasty=\dimen173
\tikz@lastxsaved=\dimen174
\tikz@lastysaved=\dimen175
\tikzleveldistance=\dimen176
\tikzsiblingdistance=\dimen177
\tikz@figbox=\box37
\tikz@figbox@bg=\box38
\tikz@tempbox=\box39
\tikz@tempbox@bg=\box40
\tikztreelevel=\count119
\tikznumberofchildren=\count120
\tikznumberofcurrentchild=\count121
\tikz@fig@count=\count122

(/usr/share/texlive/texmf-dist/tex/generic/pgf/modules/pgfmodulematrix.code.tex
File: pgfmodulematrix.code.tex 2013/09/17  (rcs-revision 1.8)
\pgfmatrixcurrentrow=\count123
\pgfmatrixcurrentcolumn=\count124
\pgf@matrix@numberofcolumns=\count125
)
\tikz@expandcount=\count126

(/usr/share/texlive/texmf-dist/tex/generic/pgf/frontendlayer/tikz/libraries/tik
zlibrarytopaths.code.tex
File: tikzlibrarytopaths.code.tex 2008/06/17 v3.0.1a (rcs-revision 1.2)
)))
(/usr/share/texlive/texmf-dist/tex/latex/url/url.sty
\Urlmuskip=\muskip11
Package: url 2013/09/16  ver 3.4  Verb mode for urls, etc.
)
(/usr/share/texlive/texmf-dist/tex/latex/pgfplots/pgfplotstable.sty
(/usr/share/texlive/texmf-dist/tex/generic/pgfplots/pgfplots.revision.tex)
Package: pgfplotstable 2016/01/06 v1.13 Table typesetting and Pretty-printing (
1.13)

(/usr/share/texlive/texmf-dist/tex/latex/pgfplots/pgfplots.sty
(/usr/share/texlive/texmf-dist/tex/generic/pgfplots/pgfplots.revision.tex)
Package: pgfplots 2016/01/06 v1.13 Data Visualization (1.13)

(/usr/share/texlive/texmf-dist/tex/generic/pgfplots/pgfplots.code.tex
(/usr/share/texlive/texmf-dist/tex/generic/pgfplots/pgfplotscore.code.tex
\t@pgfplots@toka=\toks34
\t@pgfplots@tokb=\toks35
\t@pgfplots@tokc=\toks36
\pgfplots@tmpa=\dimen178
\c@pgfplots@coordindex=\count127
\c@pgfplots@scanlineindex=\count128

(/usr/share/texlive/texmf-dist/tex/generic/pgfplots/sys/pgfplotssysgeneric.code
.tex))
(/usr/share/texlive/texmf-dist/tex/generic/pgfplots/libs/pgfplotslibrary.code.t
ex)
(/usr/share/texlive/texmf-dist/tex/generic/pgfplots/oldpgfcompatib/pgfplotsoldp
gfsupp_loader.code.tex
(/usr/share/texlive/texmf-dist/tex/generic/pgf/libraries/pgflibraryfpu.code.tex
)
Package pgfplots: loading complementary arithmetics for your pgf version...

(/usr/share/texlive/texmf-dist/tex/generic/pgfplots/oldpgfcompatib/pgfplotsoldp
gfsupp_pgflibraryfpu.code.tex)
(/usr/share/texlive/texmf-dist/tex/generic/pgfplots/oldpgfcompatib/pgfplotsoldp
gfsupp_pgfmathfloat.code.tex
\c@pgfmathroundto@lastzeros=\count129
))
(/usr/share/texlive/texmf-dist/tex/generic/pgfplots/util/pgfplotsutil.code.tex
(/usr/share/texlive/texmf-dist/tex/generic/pgfplots/liststructure/pgfplotslists
tructure.code.tex)
(/usr/share/texlive/texmf-dist/tex/generic/pgfplots/liststructure/pgfplotslists
tructureext.code.tex)
(/usr/share/texlive/texmf-dist/tex/generic/pgfplots/liststructure/pgfplotsarray
.code.tex
\c@pgfplotsarray@tmp=\count130
)
(/usr/share/texlive/texmf-dist/tex/generic/pgfplots/liststructure/pgfplotsmatri
x.code.tex)
(/usr/share/texlive/texmf-dist/tex/generic/pgfplots/numtable/pgfplotstableshare
d.code.tex
\c@pgfplotstable@counta=\count131
\t@pgfplotstable@a=\toks37
)
(/usr/share/texlive/texmf-dist/tex/generic/pgfplots/liststructure/pgfplotsdeque
.code.tex)
(/usr/share/texlive/texmf-dist/tex/generic/pgfplots/util/pgfplotsbinary.code.te
x
(/usr/share/texlive/texmf-dist/tex/generic/pgfplots/util/pgfplotsbinary.data.co
de.tex))
(/usr/share/texlive/texmf-dist/tex/generic/pgfplots/util/pgfplotsutil.verb.code
.tex)
(/usr/share/texlive/texmf-dist/tex/generic/pgfplots/libs/pgflibrarypgfplots.sur
fshading.code.tex
\c@pgfplotslibrarysurf@no=\count132

(/usr/share/texlive/texmf-dist/tex/generic/pgfplots/sys/pgflibrarypgfplots.surf
shading.pgfsys-pdftex.def)))
(/usr/share/texlive/texmf-dist/tex/generic/pgfplots/util/pgfplotscolormap.code.
tex
(/usr/share/texlive/texmf-dist/tex/generic/pgfplots/util/pgfplotscolor.code.tex
))
(/usr/share/texlive/texmf-dist/tex/generic/pgfplots/pgfplotsstackedplots.code.t
ex)
(/usr/share/texlive/texmf-dist/tex/generic/pgfplots/pgfplotsplothandlers.code.t
ex
(/usr/share/texlive/texmf-dist/tex/generic/pgfplots/pgfplotsmeshplothandler.cod
e.tex
(/usr/share/texlive/texmf-dist/tex/generic/pgfplots/pgfplotsmeshplotimage.code.
tex)))
(/usr/share/texlive/texmf-dist/tex/generic/pgfplots/pgfplots.scaling.code.tex)
(/usr/share/texlive/texmf-dist/tex/generic/pgfplots/pgfplotscoordprocessing.cod
e.tex)
(/usr/share/texlive/texmf-dist/tex/generic/pgfplots/pgfplots.errorbars.code.tex
) (/usr/share/texlive/texmf-dist/tex/generic/pgfplots/pgfplots.markers.code.tex
) (/usr/share/texlive/texmf-dist/tex/generic/pgfplots/pgfplotsticks.code.tex)
(/usr/share/texlive/texmf-dist/tex/generic/pgfplots/pgfplots.paths.code.tex)
(/usr/share/texlive/texmf-dist/tex/generic/pgf/frontendlayer/tikz/libraries/tik
zlibrarydecorations.code.tex
(/usr/share/texlive/texmf-dist/tex/generic/pgf/modules/pgfmoduledecorations.cod
e.tex
\pgfdecoratedcompleteddistance=\dimen179
\pgfdecoratedremainingdistance=\dimen180
\pgfdecoratedinputsegmentcompleteddistance=\dimen181
\pgfdecoratedinputsegmentremainingdistance=\dimen182
\pgf@decorate@distancetomove=\dimen183
\pgf@decorate@repeatstate=\count133
\pgfdecorationsegmentamplitude=\dimen184
\pgfdecorationsegmentlength=\dimen185
)
\tikz@lib@dec@box=\box41
)
(/usr/share/texlive/texmf-dist/tex/generic/pgf/frontendlayer/tikz/libraries/tik
zlibrarydecorations.pathmorphing.code.tex
(/usr/share/texlive/texmf-dist/tex/generic/pgf/libraries/decorations/pgflibrary
decorations.pathmorphing.code.tex))
(/usr/share/texlive/texmf-dist/tex/generic/pgf/frontendlayer/tikz/libraries/tik
zlibrarydecorations.pathreplacing.code.tex
(/usr/share/texlive/texmf-dist/tex/generic/pgf/libraries/decorations/pgflibrary
decorations.pathreplacing.code.tex))
\pgfplots@numplots=\count134
\pgfplots@xmin@reg=\dimen186
\pgfplots@xmax@reg=\dimen187
\pgfplots@ymin@reg=\dimen188
\pgfplots@ymax@reg=\dimen189
\pgfplots@zmin@reg=\dimen190
\pgfplots@zmax@reg=\dimen191
)
(/usr/share/texlive/texmf-dist/tex/generic/pgf/frontendlayer/tikz/libraries/tik
zlibraryplotmarks.code.tex
File: tikzlibraryplotmarks.code.tex 2008/01/09 v3.0.1a (rcs-revision 1.1)

(/usr/share/texlive/texmf-dist/tex/generic/pgf/libraries/pgflibraryplotmarks.co
de.tex
File: pgflibraryplotmarks.code.tex 2015/08/03 v3.0.1a (rcs-revision 1.14)
)))
(/usr/share/texlive/texmf-dist/tex/generic/pgfplots/numtable/pgfplotstable.code
.tex
(/usr/share/texlive/texmf-dist/tex/generic/pgfplots/numtable/pgfplotstable.colt
ype.code.tex)) (/usr/share/texlive/texmf-dist/tex/latex/tools/array.sty
Package: array 2014/10/28 v2.4c Tabular extension package (FMi)
\col@sep=\dimen192
\extrarowheight=\dimen193
\NC@list=\toks38
\extratabsurround=\skip54
\backup@length=\skip55
))
(/usr/share/texlive/texmf-dist/tex/latex/titlesec/titlesec.sty
Package: titlesec 2016/03/15 v2.10.1 Sectioning titles
\ttl@box=\box42
\beforetitleunit=\skip56
\aftertitleunit=\skip57
\ttl@plus=\dimen194
\ttl@minus=\dimen195
\ttl@toksa=\toks39
\titlewidth=\dimen196
\titlewidthlast=\dimen197
\titlewidthfirst=\dimen198
)
(/usr/share/texlive/texmf-dist/tex/latex/lipsum/lipsum.sty
Package: lipsum 2014/07/27 v1.3 150 paragraphs of Lorem Ipsum dummy text
\c@lips@count=\count135
)
(/usr/share/texlive/texmf-dist/tex/latex/adjustbox/adjustbox.sty
Package: adjustbox 2012/05/21 v1.0 Adjusting TeX boxes (trim, clip, ...)

(/usr/share/texlive/texmf-dist/tex/latex/xkeyval/xkeyval.sty
Package: xkeyval 2014/12/03 v2.7a package option processing (HA)

(/usr/share/texlive/texmf-dist/tex/generic/xkeyval/xkeyval.tex
(/usr/share/texlive/texmf-dist/tex/generic/xkeyval/xkvutils.tex
\XKV@toks=\toks40
\XKV@tempa@toks=\toks41
)
\XKV@depth=\count136
File: xkeyval.tex 2014/12/03 v2.7a key=value parser (HA)
))
(/usr/share/texlive/texmf-dist/tex/latex/adjustbox/adjcalc.sty
Package: adjcalc 2012/05/16 v1.1 Provides advanced setlength with multiple back
-ends (calc, etex, pgfmath)
)
(/usr/share/texlive/texmf-dist/tex/latex/adjustbox/trimclip.sty
Package: trimclip 2012/05/16 v1.0 Trim and clip general TeX material

(/usr/share/texlive/texmf-dist/tex/latex/collectbox/collectbox.sty
Package: collectbox 2012/05/17 v0.4b Collect macro arguments as boxes
\collectedbox=\box43
)
\tc@llx=\dimen199
\tc@lly=\dimen256
\tc@urx=\dimen257
\tc@ury=\dimen258
Package trimclip Info: Using driver 'tc-pdftex.def'.

(/usr/share/texlive/texmf-dist/tex/latex/adjustbox/tc-pdftex.def
File: tc-pdftex.def 2012/05/13 v1.0 Clipping driver for pdftex
))
\adjbox@Width=\dimen259
\adjbox@Height=\dimen260
\adjbox@Depth=\dimen261
\adjbox@Totalheight=\dimen262

(/usr/share/texlive/texmf-dist/tex/latex/ifoddpage/ifoddpage.sty
Package: ifoddpage 2011/09/13 v1.0 Conditionals for odd/even page detection
\c@checkoddpage=\count137
)
(/usr/share/texlive/texmf-dist/tex/latex/varwidth/varwidth.sty
Package: varwidth 2009/03/30 ver 0.92;  Variable-width minipages
\@vwid@box=\box44
\sift@deathcycles=\count138
\@vwid@loff=\dimen263
\@vwid@roff=\dimen264
))
(/usr/share/texlive/texmf-dist/tex/generic/pgf/frontendlayer/tikz/libraries/tik
zlibrarypositioning.code.tex
File: tikzlibrarypositioning.code.tex 2008/10/06 v3.0.1a (rcs-revision 1.7)
)
(/usr/share/texlive/texmf-dist/tex/latex/bbm-macros/bbm.sty
Package: bbm 1999/03/15 V 1.2 provides fonts for set symbols - TH
LaTeX Font Info:    Overwriting math alphabet `\mathbbm' in version `bold'
(Font)                  U/bbm/m/n --> U/bbm/bx/n on input line 33.
LaTeX Font Info:    Overwriting math alphabet `\mathbbmss' in version `bold'
(Font)                  U/bbmss/m/n --> U/bbmss/bx/n on input line 35.
)
(/usr/share/texlive/texmf-dist/tex/latex/hyperref/hyperref.sty
Package: hyperref 2012/11/06 v6.83m Hypertext links for LaTeX

(/usr/share/texlive/texmf-dist/tex/generic/oberdiek/hobsub-hyperref.sty
Package: hobsub-hyperref 2012/05/28 v1.13 Bundle oberdiek, subset hyperref (HO)


(/usr/share/texlive/texmf-dist/tex/generic/oberdiek/hobsub-generic.sty
Package: hobsub-generic 2012/05/28 v1.13 Bundle oberdiek, subset generic (HO)
Package: hobsub 2012/05/28 v1.13 Construct package bundles (HO)
Package hobsub Info: Skipping package `infwarerr' (already loaded).
Package hobsub Info: Skipping package `ltxcmds' (already loaded).
Package: ifluatex 2010/03/01 v1.3 Provides the ifluatex switch (HO)
Package ifluatex Info: LuaTeX not detected.
Package: ifvtex 2010/03/01 v1.5 Detect VTeX and its facilities (HO)
Package ifvtex Info: VTeX not detected.
Package: intcalc 2007/09/27 v1.1 Expandable calculations with integers (HO)
Package hobsub Info: Skipping package `ifpdf' (already loaded).
Package: etexcmds 2011/02/16 v1.5 Avoid name clashes with e-TeX commands (HO)
Package etexcmds Info: Could not find \expanded.
(etexcmds)             That can mean that you are not using pdfTeX 1.50 or
(etexcmds)             that some package has redefined \expanded.
(etexcmds)             In the latter case, load this package earlier.
Package: kvsetkeys 2012/04/25 v1.16 Key value parser (HO)
Package: kvdefinekeys 2011/04/07 v1.3 Define keys (HO)
Package: pdftexcmds 2011/11/29 v0.20 Utility functions of pdfTeX for LuaTeX (HO
)
Package pdftexcmds Info: LuaTeX not detected.
Package pdftexcmds Info: \pdf@primitive is available.
Package pdftexcmds Info: \pdf@ifprimitive is available.
Package pdftexcmds Info: \pdfdraftmode found.
Package: pdfescape 2011/11/25 v1.13 Implements pdfTeX's escape features (HO)
Package: bigintcalc 2012/04/08 v1.3 Expandable calculations on big integers (HO
)
Package: bitset 2011/01/30 v1.1 Handle bit-vector datatype (HO)
Package: uniquecounter 2011/01/30 v1.2 Provide unlimited unique counter (HO)
)
Package hobsub Info: Skipping package `hobsub' (already loaded).
Package: letltxmacro 2010/09/02 v1.4 Let assignment for LaTeX macros (HO)
Package: hopatch 2012/05/28 v1.2 Wrapper for package hooks (HO)
Package: xcolor-patch 2011/01/30 xcolor patch
Package: atveryend 2011/06/30 v1.8 Hooks at the very end of document (HO)
Package atveryend Info: \enddocument detected (standard20110627).
Package hobsub Info: Skipping package `atbegshi' (already loaded).
Package: refcount 2011/10/16 v3.4 Data extraction from label references (HO)
Package: hycolor 2011/01/30 v1.7 Color options for hyperref/bookmark (HO)
)
(/usr/share/texlive/texmf-dist/tex/generic/ifxetex/ifxetex.sty
Package: ifxetex 2010/09/12 v0.6 Provides ifxetex conditional
)
(/usr/share/texlive/texmf-dist/tex/latex/oberdiek/auxhook.sty
Package: auxhook 2011/03/04 v1.3 Hooks for auxiliary files (HO)
)
(/usr/share/texlive/texmf-dist/tex/latex/oberdiek/kvoptions.sty
Package: kvoptions 2011/06/30 v3.11 Key value format for package options (HO)
)
\@linkdim=\dimen265
\Hy@linkcounter=\count139
\Hy@pagecounter=\count140

(/usr/share/texlive/texmf-dist/tex/latex/hyperref/pd1enc.def
File: pd1enc.def 2012/11/06 v6.83m Hyperref: PDFDocEncoding definition (HO)
)
\Hy@SavedSpaceFactor=\count141

(/usr/share/texlive/texmf-dist/tex/latex/latexconfig/hyperref.cfg
File: hyperref.cfg 2002/06/06 v1.2 hyperref configuration of TeXLive
)
Package hyperref Info: Hyper figures OFF on input line 4443.
Package hyperref Info: Link nesting OFF on input line 4448.
Package hyperref Info: Hyper index ON on input line 4451.
Package hyperref Info: Plain pages OFF on input line 4458.
Package hyperref Info: Backreferencing OFF on input line 4463.
Package hyperref Info: Implicit mode ON; LaTeX internals redefined.
Package hyperref Info: Bookmarks ON on input line 4688.
\c@Hy@tempcnt=\count142
LaTeX Info: Redefining \url on input line 5041.
\XeTeXLinkMargin=\dimen266
\Fld@menulength=\count143
\Field@Width=\dimen267
\Fld@charsize=\dimen268
Package hyperref Info: Hyper figures OFF on input line 6295.
Package hyperref Info: Link nesting OFF on input line 6300.
Package hyperref Info: Hyper index ON on input line 6303.
Package hyperref Info: backreferencing OFF on input line 6310.
Package hyperref Info: Link coloring OFF on input line 6315.
Package hyperref Info: Link coloring with OCG OFF on input line 6320.
Package hyperref Info: PDF/A mode OFF on input line 6325.
LaTeX Info: Redefining \ref on input line 6365.
LaTeX Info: Redefining \pageref on input line 6369.
\Hy@abspage=\count144
\c@Item=\count145
\c@Hfootnote=\count146
)

Package hyperref Message: Driver (autodetected): hpdftex.

(/usr/share/texlive/texmf-dist/tex/latex/hyperref/hpdftex.def
File: hpdftex.def 2012/11/06 v6.83m Hyperref driver for pdfTeX
\Fld@listcount=\count147
\c@bookmark@seq@number=\count148

(/usr/share/texlive/texmf-dist/tex/latex/oberdiek/rerunfilecheck.sty
Package: rerunfilecheck 2011/04/15 v1.7 Rerun checks for auxiliary files (HO)
Package uniquecounter Info: New unique counter `rerunfilecheck' on input line 2
82.
)
\Hy@SectionHShift=\skip58
)
(./acl2012.sty
Conference Style for ACL 2005 -- released Octobe 11, 2004
\titlebox=\skip59
) (./clustering_paper.aux)
\openout1 = `clustering_paper.aux'.

LaTeX Font Info:    Checking defaults for OML/cmm/m/it on input line 61.
LaTeX Font Info:    ... okay on input line 61.
LaTeX Font Info:    Checking defaults for T1/cmr/m/n on input line 61.
LaTeX Font Info:    ... okay on input line 61.
LaTeX Font Info:    Checking defaults for OT1/cmr/m/n on input line 61.
LaTeX Font Info:    ... okay on input line 61.
LaTeX Font Info:    Checking defaults for OMS/cmsy/m/n on input line 61.
LaTeX Font Info:    ... okay on input line 61.
LaTeX Font Info:    Checking defaults for OMX/cmex/m/n on input line 61.
LaTeX Font Info:    ... okay on input line 61.
LaTeX Font Info:    Checking defaults for U/cmr/m/n on input line 61.
LaTeX Font Info:    ... okay on input line 61.
LaTeX Font Info:    Checking defaults for PD1/pdf/m/n on input line 61.
LaTeX Font Info:    ... okay on input line 61.
LaTeX Font Info:    Try loading font information for T1+ptm on input line 61.

(/usr/share/texlive/texmf-dist/tex/latex/psnfss/t1ptm.fd
File: t1ptm.fd 2001/06/04 font definitions for T1/ptm.
)
\AtBeginShipoutBox=\box45

(/usr/share/texlive/texmf-dist/tex/context/base/supp-pdf.mkii
[Loading MPS to PDF converter (version 2006.09.02).]
\scratchcounter=\count149
\scratchdimen=\dimen269
\scratchbox=\box46
\nofMPsegments=\count150
\nofMParguments=\count151
\everyMPshowfont=\toks42
\MPscratchCnt=\count152
\MPscratchDim=\dimen270
\MPnumerator=\count153
\makeMPintoPDFobject=\count154
\everyMPtoPDFconversion=\toks43
) (/usr/share/texlive/texmf-dist/tex/latex/oberdiek/epstopdf-base.sty
Package: epstopdf-base 2010/02/09 v2.5 Base part for package epstopdf

(/usr/share/texlive/texmf-dist/tex/latex/oberdiek/grfext.sty
Package: grfext 2010/08/19 v1.1 Manage graphics extensions (HO)
)
Package grfext Info: Graphics extension search list:
(grfext)             [.png,.pdf,.jpg,.mps,.jpeg,.jbig2,.jb2,.PNG,.PDF,.JPG,.JPE
G,.JBIG2,.JB2,.eps]
(grfext)             \AppendGraphicsExtensions on input line 452.

(/usr/share/texlive/texmf-dist/tex/latex/latexconfig/epstopdf-sys.cfg
File: epstopdf-sys.cfg 2010/07/13 v1.3 Configuration of (r)epstopdf for TeX Liv
e
))
(/usr/share/texlive/texmf-dist/tex/latex/oberdiek/pdflscape.sty
Package: pdflscape 2008/08/11 v0.10 Display of landscape pages in PDF (HO)

(/usr/share/texlive/texmf-dist/tex/latex/graphics/lscape.sty
Package: lscape 2000/10/22 v3.01 Landscape Pages (DPC)
)
Package pdflscape Info: Auto-detected driver: pdftex on input line 80.
)
Package caption Info: Begin \AtBeginDocument code.
Package caption Info: hyperref package is loaded.
Package caption Info: End \AtBeginDocument code.

ABD: EveryShipout initializing macros

Package pgfplots Warning: running in backwards compatibility mode (unsuitable t
ick labels; missing features). Consider writing \pgfplotsset{compat=1.13} into 
your preamble.
 on input line 61.

Package hyperref Info: Link coloring OFF on input line 61.
(/usr/share/texlive/texmf-dist/tex/latex/hyperref/nameref.sty
Package: nameref 2012/10/27 v2.43 Cross-referencing by name of section

(/usr/share/texlive/texmf-dist/tex/generic/oberdiek/gettitlestring.sty
Package: gettitlestring 2010/12/03 v1.4 Cleanup title references (HO)
)
\c@section@level=\count155
)
LaTeX Info: Redefining \ref on input line 61.
LaTeX Info: Redefining \pageref on input line 61.
LaTeX Info: Redefining \nameref on input line 61.

(./clustering_paper.out) (./clustering_paper.out)
\@outlinefile=\write4
\openout4 = `clustering_paper.out'.

LaTeX Font Info:    Font shape `T1/ptm/bx/n' in size <14.4> not available
(Font)              Font shape `T1/ptm/b/n' tried instead on input line 71.
LaTeX Font Info:    Try loading font information for U+msa on input line 71.

(/usr/share/texlive/texmf-dist/tex/latex/amsfonts/umsa.fd
File: umsa.fd 2013/01/14 v3.01 AMS symbols A
)
LaTeX Font Info:    Try loading font information for U+msb on input line 71.

(/usr/share/texlive/texmf-dist/tex/latex/amsfonts/umsb.fd
File: umsb.fd 2013/01/14 v3.01 AMS symbols B
)
LaTeX Font Info:    Try loading font information for U+lasy on input line 71.

(/usr/share/texlive/texmf-dist/tex/latex/base/ulasy.fd
File: ulasy.fd 1998/08/17 v2.2e LaTeX symbol font definitions
)
LaTeX Font Info:    Font shape `T1/ptm/bx/n' in size <12> not available
(Font)              Font shape `T1/ptm/b/n' tried instead on input line 71.
LaTeX Font Info:    Try loading font information for T1+pcr on input line 71.

(/usr/share/texlive/texmf-dist/tex/latex/psnfss/t1pcr.fd
File: t1pcr.fd 2001/06/04 font definitions for T1/pcr.
)
LaTeX Font Info:    Font shape `T1/ptm/bx/n' in size <10.95> not available
(Font)              Font shape `T1/ptm/b/n' tried instead on input line 77.

<../plots/Matching_pic_3_1_and_3_2.jpg, id=8, 203.76125pt x 338.26375pt>
File: ../plots/Matching_pic_3_1_and_3_2.jpg Graphic file (type jpg)

<use ../plots/Matching_pic_3_1_and_3_2.jpg>
Package pdftex.def Info: ../plots/Matching_pic_3_1_and_3_2.jpg used on input li
ne 82.
(pdftex.def)             Requested size: 182.12117pt x 302.35446pt.

Underfull \hbox (badness 1521) in paragraph at lines 87--89
 []\T1/ptm/b/n/10.95 Bipartite graph match-ing \T1/ptm/m/n/10.95 - given a bi-p
ar-tite
 []

[1{/var/lib/texmf/fonts/map/pdftex/updmap/pdftex.map}




]
Underfull \vbox (badness 10000) has occurred while \output is active []


Underfull \hbox (badness 4024) in paragraph at lines 97--97
[][][]\T1/ptm/m/n/9 All code is freely avail-able and can be found in
 []

[2 <../plots/Matching_pic_3_1_and_3_2.jpg>]
Underfull \vbox (badness 10000) has occurred while \output is active []

 [3]
LaTeX Font Info:    Try loading font information for OMS+ptm on input line 109.


(/usr/share/texlive/texmf-dist/tex/latex/psnfss/omsptm.fd
File: omsptm.fd 
)
LaTeX Font Info:    Font shape `OMS/ptm/m/n' in size <10.95> not available
(Font)              Font shape `OMS/cmsy/m/n' tried instead on input line 109.
 [4]
Underfull \hbox (badness 10000) in paragraph at lines 129--130
[]\T1/ptm/m/n/10.95 It might be faster to ask
 []


Underfull \hbox (badness 10000) in paragraph at lines 129--130
\T1/ptm/m/n/10.95 leshem.choshen@mail.huji.ac.il for the
 []


Underfull \hbox (badness 10000) in paragraph at lines 130--131
[]\T1/ptm/m/n/10.95 The main python file “bi-na-
 []


Underfull \hbox (badness 10000) in paragraph at lines 130--131
\T1/ptm/m/n/10.95 rize_representations.py con-tains mains of
 []


Underfull \hbox (badness 1721) in paragraph at lines 131--132
[]\T1/ptm/m/n/10.95 calculate_distances_main(inv_db, fea-ture_db,
 []


Underfull \hbox (badness 10000) in paragraph at lines 132--133
[]\T1/ptm/m/n/10.95 choose_features_main(inv_db, fea-ture_db,
 []

<../plots/dends.pdf, id=67, 614.295pt x 794.97pt>
File: ../plots/dends.pdf Graphic file (type pdf)
 <use ../plots/dends.pdf>
Package pdftex.def Info: ../plots/dends.pdf used on input line 139.
(pdftex.def)             Requested size: 614.29349pt x 794.96806pt.
File: ../plots/dends.pdf Graphic file (type pdf)

<use ../plots/dends.pdf>
Package pdftex.def Info: ../plots/dends.pdf used on input line 139.
(pdftex.def)             Requested size: 614.29349pt x 794.96806pt.

<../plots/dends.pdf, id=70, page=1, 614.295pt x 794.97pt>
File: ../plots/dends.pdf Graphic file (type pdf)

<use ../plots/dends.pdf, page 1>
Package pdftex.def Info: ../plots/dends.pdf, page1 used on input line 139.
(pdftex.def)             Requested size: 614.29349pt x 794.96806pt.
File: ../plots/dends.pdf Graphic file (type pdf)
 <use ../plots/dends.pdf, page 1>
Package pdftex.def Info: ../plots/dends.pdf, page1 used on input line 139.
(pdftex.def)             Requested size: 614.58406pt x 795.3441pt.
File: ../plots/dends.pdf Graphic file (type pdf)

<use ../plots/dends.pdf, page 1>
Package pdftex.def Info: ../plots/dends.pdf, page1 used on input line 139.
(pdftex.def)             Requested size: 614.58406pt x 795.3441pt.
File: ../plots/dends.pdf Graphic file (type pdf)
 <use ../plots/dends.pdf, page 1>
Package pdftex.def Info: ../plots/dends.pdf, page1 used on input line 139.
(pdftex.def)             Requested size: 614.58406pt x 795.3441pt.
File: ../plots/dends.pdf Graphic file (type pdf)

<use ../plots/dends.pdf, page 1>
Package pdftex.def Info: ../plots/dends.pdf, page1 used on input line 139.
(pdftex.def)             Requested size: 614.58406pt x 795.3441pt.
 [5 <../plots/dends.pdf

pdfTeX warning: /usr/bin/pdflatex (file ../plots/dends.pdf): PDF inclusion: inv
alid other resource which is no dict (key 'ProcSets', type <array>); ignored.
>] <../plots/dends.pdf, id=89, page=2, 614.295pt x 794.97pt>
File: ../plots/dends.pdf Graphic file (type pdf)

<use ../plots/dends.pdf, page 2>
Package pdftex.def Info: ../plots/dends.pdf, page2 used on input line 139.
(pdftex.def)             Requested size: 614.58406pt x 795.3441pt.
File: ../plots/dends.pdf Graphic file (type pdf)
 <use ../plots/dends.pdf, page 2>
Package pdftex.def Info: ../plots/dends.pdf, page2 used on input line 139.
(pdftex.def)             Requested size: 614.58406pt x 795.3441pt.
File: ../plots/dends.pdf Graphic file (type pdf)

<use ../plots/dends.pdf, page 2>
Package pdftex.def Info: ../plots/dends.pdf, page2 used on input line 139.
(pdftex.def)             Requested size: 614.58406pt x 795.3441pt.
 [6 <../plots/dends.pdf

pdfTeX warning: /usr/bin/pdflatex (file ../plots/dends.pdf): PDF inclusion: inv
alid other resource which is no dict (key 'ProcSets', type <array>); ignored.
>] <../plots/dends.pdf, id=96, page=3, 614.295pt x 794.97pt>
File: ../plots/dends.pdf Graphic file (type pdf)

<use ../plots/dends.pdf, page 3>
Package pdftex.def Info: ../plots/dends.pdf, page3 used on input line 139.
(pdftex.def)             Requested size: 614.58406pt x 795.3441pt.
File: ../plots/dends.pdf Graphic file (type pdf)
 <use ../plots/dends.pdf, page 3>
Package pdftex.def Info: ../plots/dends.pdf, page3 used on input line 139.
(pdftex.def)             Requested size: 614.58406pt x 795.3441pt.
File: ../plots/dends.pdf Graphic file (type pdf)

<use ../plots/dends.pdf, page 3>
Package pdftex.def Info: ../plots/dends.pdf, page3 used on input line 139.
(pdftex.def)             Requested size: 614.58406pt x 795.3441pt.
 [7 <../plots/dends.pdf

pdfTeX warning: /usr/bin/pdflatex (file ../plots/dends.pdf): PDF inclusion: inv
alid other resource which is no dict (key 'ProcSets', type <array>); ignored.
>] <../plots/dends.pdf, id=104, page=4, 614.295pt x 794.97pt>
File: ../plots/dends.pdf Graphic file (type pdf)

<use ../plots/dends.pdf, page 4>
Package pdftex.def Info: ../plots/dends.pdf, page4 used on input line 139.
(pdftex.def)             Requested size: 614.58406pt x 795.3441pt.
File: ../plots/dends.pdf Graphic file (type pdf)
 <use ../plots/dends.pdf, page 4>
Package pdftex.def Info: ../plots/dends.pdf, page4 used on input line 139.
(pdftex.def)             Requested size: 614.58406pt x 795.3441pt.
File: ../plots/dends.pdf Graphic file (type pdf)

<use ../plots/dends.pdf, page 4>
Package pdftex.def Info: ../plots/dends.pdf, page4 used on input line 139.
(pdftex.def)             Requested size: 614.58406pt x 795.3441pt.
 [8 <../plots/dends.pdf

pdfTeX warning: /usr/bin/pdflatex (file ../plots/dends.pdf): PDF inclusion: inv
alid other resource which is no dict (key 'ProcSets', type <array>); ignored.
>] <../plots/dends.pdf, id=111, page=5, 614.295pt x 794.97pt>
File: ../plots/dends.pdf Graphic file (type pdf)

<use ../plots/dends.pdf, page 5>
Package pdftex.def Info: ../plots/dends.pdf, page5 used on input line 139.
(pdftex.def)             Requested size: 614.58406pt x 795.3441pt.
File: ../plots/dends.pdf Graphic file (type pdf)
 <use ../plots/dends.pdf, page 5>
Package pdftex.def Info: ../plots/dends.pdf, page5 used on input line 139.
(pdftex.def)             Requested size: 614.58406pt x 795.3441pt.
File: ../plots/dends.pdf Graphic file (type pdf)

<use ../plots/dends.pdf, page 5>
Package pdftex.def Info: ../plots/dends.pdf, page5 used on input line 139.
(pdftex.def)             Requested size: 614.58406pt x 795.3441pt.
 [9 <../plots/dends.pdf

pdfTeX warning: /usr/bin/pdflatex (file ../plots/dends.pdf): PDF inclusion: inv
alid other resource which is no dict (key 'ProcSets', type <array>); ignored.
>] <../plots/dends.pdf, id=117, page=6, 614.295pt x 794.97pt>
File: ../plots/dends.pdf Graphic file (type pdf)

<use ../plots/dends.pdf, page 6>
Package pdftex.def Info: ../plots/dends.pdf, page6 used on input line 139.
(pdftex.def)             Requested size: 614.58406pt x 795.3441pt.
File: ../plots/dends.pdf Graphic file (type pdf)
 <use ../plots/dends.pdf, page 6>
Package pdftex.def Info: ../plots/dends.pdf, page6 used on input line 139.
(pdftex.def)             Requested size: 614.58406pt x 795.3441pt.
File: ../plots/dends.pdf Graphic file (type pdf)

<use ../plots/dends.pdf, page 6>
Package pdftex.def Info: ../plots/dends.pdf, page6 used on input line 139.
(pdftex.def)             Requested size: 614.58406pt x 795.3441pt.
 [10 <../plots/dends.pdf

pdfTeX warning: /usr/bin/pdflatex (file ../plots/dends.pdf): PDF inclusion: inv
alid other resource which is no dict (key 'ProcSets', type <array>); ignored.
>] <../plots/dends.pdf, id=122, page=7, 614.295pt x 794.97pt>
File: ../plots/dends.pdf Graphic file (type pdf)

<use ../plots/dends.pdf, page 7>
Package pdftex.def Info: ../plots/dends.pdf, page7 used on input line 139.
(pdftex.def)             Requested size: 614.58406pt x 795.3441pt.
File: ../plots/dends.pdf Graphic file (type pdf)
 <use ../plots/dends.pdf, page 7>
Package pdftex.def Info: ../plots/dends.pdf, page7 used on input line 139.
(pdftex.def)             Requested size: 614.58406pt x 795.3441pt.
File: ../plots/dends.pdf Graphic file (type pdf)

<use ../plots/dends.pdf, page 7>
Package pdftex.def Info: ../plots/dends.pdf, page7 used on input line 139.
(pdftex.def)             Requested size: 614.58406pt x 795.3441pt.
 [11 <../plots/dends.pdf

pdfTeX warning: /usr/bin/pdflatex (file ../plots/dends.pdf): PDF inclusion: inv
alid other resource which is no dict (key 'ProcSets', type <array>); ignored.
>] <../plots/rank.pdf, id=129, 614.295pt x 794.97pt>
File: ../plots/rank.pdf Graphic file (type pdf)
 <use ../plots/rank.pdf>
Package pdftex.def Info: ../plots/rank.pdf used on input line 141.
(pdftex.def)             Requested size: 614.29349pt x 794.96806pt.
File: ../plots/rank.pdf Graphic file (type pdf)

<use ../plots/rank.pdf>
Package pdftex.def Info: ../plots/rank.pdf used on input line 141.
(pdftex.def)             Requested size: 614.29349pt x 794.96806pt.

<../plots/rank.pdf, id=132, page=1, 614.295pt x 794.97pt>
File: ../plots/rank.pdf Graphic file (type pdf)

<use ../plots/rank.pdf, page 1>
Package pdftex.def Info: ../plots/rank.pdf, page1 used on input line 141.
(pdftex.def)             Requested size: 614.29349pt x 794.96806pt.
File: ../plots/rank.pdf Graphic file (type pdf)
 <use ../plots/rank.pdf, page 1>
Package pdftex.def Info: ../plots/rank.pdf, page1 used on input line 141.
(pdftex.def)             Requested size: 614.58406pt x 795.3441pt.
File: ../plots/rank.pdf Graphic file (type pdf)

<use ../plots/rank.pdf, page 1>
Package pdftex.def Info: ../plots/rank.pdf, page1 used on input line 141.
(pdftex.def)             Requested size: 614.58406pt x 795.3441pt.
File: ../plots/rank.pdf Graphic file (type pdf)
 <use ../plots/rank.pdf, page 1>
Package pdftex.def Info: ../plots/rank.pdf, page1 used on input line 141.
(pdftex.def)             Requested size: 614.58406pt x 795.3441pt.
File: ../plots/rank.pdf Graphic file (type pdf)

<use ../plots/rank.pdf, page 1>
Package pdftex.def Info: ../plots/rank.pdf, page1 used on input line 141.
(pdftex.def)             Requested size: 614.58406pt x 795.3441pt.
 [12 <../plots/rank.pdf

pdfTeX warning: /usr/bin/pdflatex (file ../plots/rank.pdf): PDF inclusion: inva
lid other resource which is no dict (key 'ProcSets', type <array>); ignored.
>] <../plots/rank.pdf, id=149, page=2, 614.295pt x 794.97pt>
File: ../plots/rank.pdf Graphic file (type pdf)

<use ../plots/rank.pdf, page 2>
Package pdftex.def Info: ../plots/rank.pdf, page2 used on input line 141.
(pdftex.def)             Requested size: 614.58406pt x 795.3441pt.
File: ../plots/rank.pdf Graphic file (type pdf)
 <use ../plots/rank.pdf, page 2>
Package pdftex.def Info: ../plots/rank.pdf, page2 used on input line 141.
(pdftex.def)             Requested size: 614.58406pt x 795.3441pt.
File: ../plots/rank.pdf Graphic file (type pdf)

<use ../plots/rank.pdf, page 2>
Package pdftex.def Info: ../plots/rank.pdf, page2 used on input line 141.
(pdftex.def)             Requested size: 614.58406pt x 795.3441pt.
 [13 <../plots/rank.pdf

pdfTeX warning: /usr/bin/pdflatex (file ../plots/rank.pdf): PDF inclusion: inva
lid other resource which is no dict (key 'ProcSets', type <array>); ignored.
>] <../plots/rank.pdf, id=155, page=3, 614.295pt x 794.97pt>
File: ../plots/rank.pdf Graphic file (type pdf)

<use ../plots/rank.pdf, page 3>
Package pdftex.def Info: ../plots/rank.pdf, page3 used on input line 141.
(pdftex.def)             Requested size: 614.58406pt x 795.3441pt.
File: ../plots/rank.pdf Graphic file (type pdf)
 <use ../plots/rank.pdf, page 3>
Package pdftex.def Info: ../plots/rank.pdf, page3 used on input line 141.
(pdftex.def)             Requested size: 614.58406pt x 795.3441pt.
File: ../plots/rank.pdf Graphic file (type pdf)

<use ../plots/rank.pdf, page 3>
Package pdftex.def Info: ../plots/rank.pdf, page3 used on input line 141.
(pdftex.def)             Requested size: 614.58406pt x 795.3441pt.
 [14 <../plots/rank.pdf

pdfTeX warning: /usr/bin/pdflatex (file ../plots/rank.pdf): PDF inclusion: inva
lid other resource which is no dict (key 'ProcSets', type <array>); ignored.
>] <../plots/rank.pdf, id=160, page=4, 614.295pt x 794.97pt>
File: ../plots/rank.pdf Graphic file (type pdf)

<use ../plots/rank.pdf, page 4>
Package pdftex.def Info: ../plots/rank.pdf, page4 used on input line 141.
(pdftex.def)             Requested size: 614.58406pt x 795.3441pt.
File: ../plots/rank.pdf Graphic file (type pdf)
 <use ../plots/rank.pdf, page 4>
Package pdftex.def Info: ../plots/rank.pdf, page4 used on input line 141.
(pdftex.def)             Requested size: 614.58406pt x 795.3441pt.
File: ../plots/rank.pdf Graphic file (type pdf)

<use ../plots/rank.pdf, page 4>
Package pdftex.def Info: ../plots/rank.pdf, page4 used on input line 141.
(pdftex.def)             Requested size: 614.58406pt x 795.3441pt.
 [15 <../plots/rank.pdf

pdfTeX warning: /usr/bin/pdflatex (file ../plots/rank.pdf): PDF inclusion: inva
lid other resource which is no dict (key 'ProcSets', type <array>); ignored.
>] <../plots/rank.pdf, id=165, page=5, 614.295pt x 794.97pt>
File: ../plots/rank.pdf Graphic file (type pdf)

<use ../plots/rank.pdf, page 5>
Package pdftex.def Info: ../plots/rank.pdf, page5 used on input line 141.
(pdftex.def)             Requested size: 614.58406pt x 795.3441pt.
File: ../plots/rank.pdf Graphic file (type pdf)
 <use ../plots/rank.pdf, page 5>
Package pdftex.def Info: ../plots/rank.pdf, page5 used on input line 141.
(pdftex.def)             Requested size: 614.58406pt x 795.3441pt.
File: ../plots/rank.pdf Graphic file (type pdf)

<use ../plots/rank.pdf, page 5>
Package pdftex.def Info: ../plots/rank.pdf, page5 used on input line 141.
(pdftex.def)             Requested size: 614.58406pt x 795.3441pt.
 [16 <../plots/rank.pdf

pdfTeX warning: /usr/bin/pdflatex (file ../plots/rank.pdf): PDF inclusion: inva
lid other resource which is no dict (key 'ProcSets', type <array>); ignored.
>] <../plots/rank.pdf, id=170, page=6, 614.295pt x 794.97pt>
File: ../plots/rank.pdf Graphic file (type pdf)

<use ../plots/rank.pdf, page 6>
Package pdftex.def Info: ../plots/rank.pdf, page6 used on input line 141.
(pdftex.def)             Requested size: 614.58406pt x 795.3441pt.
File: ../plots/rank.pdf Graphic file (type pdf)
 <use ../plots/rank.pdf, page 6>
Package pdftex.def Info: ../plots/rank.pdf, page6 used on input line 141.
(pdftex.def)             Requested size: 614.58406pt x 795.3441pt.
File: ../plots/rank.pdf Graphic file (type pdf)

<use ../plots/rank.pdf, page 6>
Package pdftex.def Info: ../plots/rank.pdf, page6 used on input line 141.
(pdftex.def)             Requested size: 614.58406pt x 795.3441pt.
 [17 <../plots/rank.pdf

pdfTeX warning: /usr/bin/pdflatex (file ../plots/rank.pdf): PDF inclusion: inva
lid other resource which is no dict (key 'ProcSets', type <array>); ignored.
>] <../plots/rank.pdf, id=175, page=7, 614.295pt x 794.97pt>
File: ../plots/rank.pdf Graphic file (type pdf)

<use ../plots/rank.pdf, page 7>
Package pdftex.def Info: ../plots/rank.pdf, page7 used on input line 141.
(pdftex.def)             Requested size: 614.58406pt x 795.3441pt.
File: ../plots/rank.pdf Graphic file (type pdf)
 <use ../plots/rank.pdf, page 7>
Package pdftex.def Info: ../plots/rank.pdf, page7 used on input line 141.
(pdftex.def)             Requested size: 614.58406pt x 795.3441pt.
File: ../plots/rank.pdf Graphic file (type pdf)

<use ../plots/rank.pdf, page 7>
Package pdftex.def Info: ../plots/rank.pdf, page7 used on input line 141.
(pdftex.def)             Requested size: 614.58406pt x 795.3441pt.
 [18 <../plots/rank.pdf

pdfTeX warning: /usr/bin/pdflatex (file ../plots/rank.pdf): PDF inclusion: inva
lid other resource which is no dict (key 'ProcSets', type <array>); ignored.
>] <../plots/rank.pdf, id=181, page=8, 614.295pt x 794.97pt>
File: ../plots/rank.pdf Graphic file (type pdf)

<use ../plots/rank.pdf, page 8>
Package pdftex.def Info: ../plots/rank.pdf, page8 used on input line 141.
(pdftex.def)             Requested size: 614.58406pt x 795.3441pt.
File: ../plots/rank.pdf Graphic file (type pdf)
 <use ../plots/rank.pdf, page 8>
Package pdftex.def Info: ../plots/rank.pdf, page8 used on input line 141.
(pdftex.def)             Requested size: 614.58406pt x 795.3441pt.
File: ../plots/rank.pdf Graphic file (type pdf)

<use ../plots/rank.pdf, page 8>
Package pdftex.def Info: ../plots/rank.pdf, page8 used on input line 141.
(pdftex.def)             Requested size: 614.58406pt x 795.3441pt.
 [19 <../plots/rank.pdf

pdfTeX warning: /usr/bin/pdflatex (file ../plots/rank.pdf): PDF inclusion: inva
lid other resource which is no dict (key 'ProcSets', type <array>); ignored.
>] <../plots/rank.pdf, id=187, page=9, 614.295pt x 794.97pt>
File: ../plots/rank.pdf Graphic file (type pdf)

<use ../plots/rank.pdf, page 9>
Package pdftex.def Info: ../plots/rank.pdf, page9 used on input line 141.
(pdftex.def)             Requested size: 614.58406pt x 795.3441pt.
File: ../plots/rank.pdf Graphic file (type pdf)
 <use ../plots/rank.pdf, page 9>
Package pdftex.def Info: ../plots/rank.pdf, page9 used on input line 141.
(pdftex.def)             Requested size: 614.58406pt x 795.3441pt.
File: ../plots/rank.pdf Graphic file (type pdf)

<use ../plots/rank.pdf, page 9>
Package pdftex.def Info: ../plots/rank.pdf, page9 used on input line 141.
(pdftex.def)             Requested size: 614.58406pt x 795.3441pt.
 [20 <../plots/rank.pdf

pdfTeX warning: /usr/bin/pdflatex (file ../plots/rank.pdf): PDF inclusion: inva
lid other resource which is no dict (key 'ProcSets', type <array>); ignored.
>] <../plots/rank.pdf, id=192, page=10, 614.295pt x 794.97pt>
File: ../plots/rank.pdf Graphic file (type pdf)

<use ../plots/rank.pdf, page 10>
Package pdftex.def Info: ../plots/rank.pdf, page10 used on input line 141.
(pdftex.def)             Requested size: 614.58406pt x 795.3441pt.
File: ../plots/rank.pdf Graphic file (type pdf)
 <use ../plots/rank.pdf, page 10>
Package pdftex.def Info: ../plots/rank.pdf, page10 used on input line 141.
(pdftex.def)             Requested size: 614.58406pt x 795.3441pt.
File: ../plots/rank.pdf Graphic file (type pdf)

<use ../plots/rank.pdf, page 10>
Package pdftex.def Info: ../plots/rank.pdf, page10 used on input line 141.
(pdftex.def)             Requested size: 614.58406pt x 795.3441pt.
 [21 <../plots/rank.pdf

pdfTeX warning: /usr/bin/pdflatex (file ../plots/rank.pdf): PDF inclusion: inva
lid other resource which is no dict (key 'ProcSets', type <array>); ignored.
>] <../plots/rank.pdf, id=197, page=11, 614.295pt x 794.97pt>
File: ../plots/rank.pdf Graphic file (type pdf)

<use ../plots/rank.pdf, page 11>
Package pdftex.def Info: ../plots/rank.pdf, page11 used on input line 141.
(pdftex.def)             Requested size: 614.58406pt x 795.3441pt.
File: ../plots/rank.pdf Graphic file (type pdf)
 <use ../plots/rank.pdf, page 11>
Package pdftex.def Info: ../plots/rank.pdf, page11 used on input line 141.
(pdftex.def)             Requested size: 614.58406pt x 795.3441pt.
File: ../plots/rank.pdf Graphic file (type pdf)

<use ../plots/rank.pdf, page 11>
Package pdftex.def Info: ../plots/rank.pdf, page11 used on input line 141.
(pdftex.def)             Requested size: 614.58406pt x 795.3441pt.
 [22 <../plots/rank.pdf

pdfTeX warning: /usr/bin/pdflatex (file ../plots/rank.pdf): PDF inclusion: inva
lid other resource which is no dict (key 'ProcSets', type <array>); ignored.
>] <../plots/rank.pdf, id=217, page=12, 614.295pt x 794.97pt>
File: ../plots/rank.pdf Graphic file (type pdf)

<use ../plots/rank.pdf, page 12>
Package pdftex.def Info: ../plots/rank.pdf, page12 used on input line 141.
(pdftex.def)             Requested size: 614.58406pt x 795.3441pt.
File: ../plots/rank.pdf Graphic file (type pdf)
 <use ../plots/rank.pdf, page 12>
Package pdftex.def Info: ../plots/rank.pdf, page12 used on input line 141.
(pdftex.def)             Requested size: 614.58406pt x 795.3441pt.
File: ../plots/rank.pdf Graphic file (type pdf)

<use ../plots/rank.pdf, page 12>
Package pdftex.def Info: ../plots/rank.pdf, page12 used on input line 141.
(pdftex.def)             Requested size: 614.58406pt x 795.3441pt.
 [23 <../plots/rank.pdf

pdfTeX warning: /usr/bin/pdflatex (file ../plots/rank.pdf): PDF inclusion: inva
lid other resource which is no dict (key 'ProcSets', type <array>); ignored.
>] <../plots/rank.pdf, id=222, page=13, 614.295pt x 794.97pt>
File: ../plots/rank.pdf Graphic file (type pdf)

<use ../plots/rank.pdf, page 13>
Package pdftex.def Info: ../plots/rank.pdf, page13 used on input line 141.
(pdftex.def)             Requested size: 614.58406pt x 795.3441pt.
File: ../plots/rank.pdf Graphic file (type pdf)
 <use ../plots/rank.pdf, page 13>
Package pdftex.def Info: ../plots/rank.pdf, page13 used on input line 141.
(pdftex.def)             Requested size: 614.58406pt x 795.3441pt.
File: ../plots/rank.pdf Graphic file (type pdf)

<use ../plots/rank.pdf, page 13>
Package pdftex.def Info: ../plots/rank.pdf, page13 used on input line 141.
(pdftex.def)             Requested size: 614.58406pt x 795.3441pt.
 [24 <../plots/rank.pdf

pdfTeX warning: /usr/bin/pdflatex (file ../plots/rank.pdf): PDF inclusion: inva
lid other resource which is no dict (key 'ProcSets', type <array>); ignored.
>] <../plots/rank.pdf, id=227, page=14, 614.295pt x 794.97pt>
File: ../plots/rank.pdf Graphic file (type pdf)

<use ../plots/rank.pdf, page 14>
Package pdftex.def Info: ../plots/rank.pdf, page14 used on input line 141.
(pdftex.def)             Requested size: 614.58406pt x 795.3441pt.
File: ../plots/rank.pdf Graphic file (type pdf)
 <use ../plots/rank.pdf, page 14>
Package pdftex.def Info: ../plots/rank.pdf, page14 used on input line 141.
(pdftex.def)             Requested size: 614.58406pt x 795.3441pt.
File: ../plots/rank.pdf Graphic file (type pdf)

<use ../plots/rank.pdf, page 14>
Package pdftex.def Info: ../plots/rank.pdf, page14 used on input line 141.
(pdftex.def)             Requested size: 614.58406pt x 795.3441pt.
 [25 <../plots/rank.pdf

pdfTeX warning: /usr/bin/pdflatex (file ../plots/rank.pdf): PDF inclusion: inva
lid other resource which is no dict (key 'ProcSets', type <array>); ignored.
>] <../plots/rank.pdf, id=233, page=15, 614.295pt x 794.97pt>
File: ../plots/rank.pdf Graphic file (type pdf)

<use ../plots/rank.pdf, page 15>
Package pdftex.def Info: ../plots/rank.pdf, page15 used on input line 141.
(pdftex.def)             Requested size: 614.58406pt x 795.3441pt.
File: ../plots/rank.pdf Graphic file (type pdf)
 <use ../plots/rank.pdf, page 15>
Package pdftex.def Info: ../plots/rank.pdf, page15 used on input line 141.
(pdftex.def)             Requested size: 614.58406pt x 795.3441pt.
File: ../plots/rank.pdf Graphic file (type pdf)

<use ../plots/rank.pdf, page 15>
Package pdftex.def Info: ../plots/rank.pdf, page15 used on input line 141.
(pdftex.def)             Requested size: 614.58406pt x 795.3441pt.
 [26 <../plots/rank.pdf

pdfTeX warning: /usr/bin/pdflatex (file ../plots/rank.pdf): PDF inclusion: inva
lid other resource which is no dict (key 'ProcSets', type <array>); ignored.
>] (./clustering_paper.bbl
Underfull \hbox (badness 10000) in paragraph at lines 52--55
[]\T1/ptm/m/n/10 Dmitry; An-drey Nikulin; Niko-laev and An-
 []


Underfull \hbox (badness 3803) in paragraph at lines 52--55
\T1/ptm/m/n/10 ton Kukhto. 2015.  The database of eurasian
 []


Underfull \hbox (badness 10000) in paragraph at lines 52--55
\T1/ptm/m/n/10 phono-log-i-cal in-ven-to-riess. (avail-able on-line at
 []

)
Package atveryend Info: Empty hook `BeforeClearDocument' on input line 146.
 [27

]
Package atveryend Info: Empty hook `AfterLastShipout' on input line 146.
 (./clustering_paper.aux)
Package atveryend Info: Executing hook `AtVeryEndDocument' on input line 146.
Package atveryend Info: Executing hook `AtEndAfterFileList' on input line 146.
Package rerunfilecheck Info: File `clustering_paper.out' has not changed.
(rerunfilecheck)             Checksum: D41D8CD98F00B204E9800998ECF8427E;0.
Package atveryend Info: Empty hook `AtVeryVeryEnd' on input line 146.
 ) 
Here is how much of TeX's memory you used:
 29530 strings out of 494953
 691741 string characters out of 6180977
 956346 words of memory out of 5000000
 32189 multiletter control sequences out of 15000+600000
 43282 words of font info for 77 fonts, out of 8000000 for 9000
 14 hyphenation exceptions out of 8191
 61i,18n,79p,1880b,609s stack positions out of 5000i,500n,10000p,200000b,80000s
pdfTeX warning (dest): name{cite.macklin2015high} has been referenced but doe
s not exist, replaced by a fixed one

pdfTeX warning (dest): name{cite.shental2002adjustment} has been referenced but
 does not exist, replaced by a fixed one

pdfTeX warning (dest): name{cite.davis2007information} has been referenced but 
does not exist, replaced by a fixed one

pdfTeX warning (dest): name{cite.choi2010survey} has been referenced but does n
ot exist, replaced by a fixed one

pdfTeX warning (dest): name{cite.cha2007comprehensive} has been referenced but 
does not exist, replaced by a fixed one

pdfTeX warning (dest): name{cite.patnaik2016divisive} has been referenced but d
oes not exist, replaced by a fixed one

pdfTeX warning (dest): name{cite.Nikolaev2015database} has been referenced but 
does not exist, replaced by a fixed one

pdfTeX warning (dest): name{cite.mohammadi2comparative} has been referenced but
 does not exist, replaced by a fixed one

pdfTeX warning (dest): name{cite.bouckaert2012mapping} has been referenced but 
does not exist, replaced by a fixed one

pdfTeX warning (dest): name{cite.aikhenvald1999arawak} has been referenced but 
does not exist, replaced by a fixed one

{/usr/share/texlive/texmf-dist/fonts/enc/dvips/base/8r.enc}</usr/share/texlive/
texmf-dist/fonts/type1/public/amsfonts/cm/cmsy10.pfb></usr/share/texlive/texmf-
dist/fonts/type1/urw/courier/ucrr8a.pfb></usr/share/texlive/texmf-dist/fonts/ty
pe1/urw/times/utmb8a.pfb></usr/share/texlive/texmf-dist/fonts/type1/urw/times/u
tmr8a.pfb></usr/share/texlive/texmf-dist/fonts/type1/urw/times/utmri8a.pfb>
Output written on clustering_paper.pdf (27 pages, 1438799 bytes).
PDF statistics:
 277 PDF objects out of 1000 (max. 8388607)
 189 compressed objects within 2 object streams
 54 named destinations out of 1000 (max. 500000)
 158 words of extra memory for PDF output out of 10000 (max. 10000000)

